# JRE version: OpenJDK Runtime Environment (8.0_112-b06) (build 1.8.0_112-release-b06)
# Java VM: OpenJDK 64-Bit Server VM (25.112-b06 mixed mode linux-amd64 compressed oops)
Heap:
 PSYoungGen      total 462848K, used 56935K [0x00000000e0000000, 0x00000000ffc00000, 0x0000000100000000)
  eden space 404992K, 12% used [0x00000000e0000000,0x00000000e32ddf30,0x00000000f8b80000)
  from space 57856K, 8% used [0x00000000fc380000,0x00000000fc83c010,0x00000000ffc00000)
  to   space 57344K, 0% used [0x00000000f8b80000,0x00000000f8b80000,0x00000000fc380000)
 ParOldGen       total 161792K, used 94910K [0x00000000a0000000, 0x00000000a9e00000, 0x00000000e0000000)
  object space 161792K, 58% used [0x00000000a0000000,0x00000000a5caf960,0x00000000a9e00000)
 Metaspace       used 76193K, capacity 84254K, committed 84376K, reserved 1124352K
  class space    used 9480K, capacity 10326K, committed 10416K, reserved 1048576K
GC Heap History (10 events):
Event: 11521,129 GC heap before
{Heap before GC invocations=39 (full 3):
 PSYoungGen      total 408576K, used 408069K [0x00000000e0000000, 0x0000000100000000, 0x0000000100000000)
  eden space 400384K, 100% used [0x00000000e0000000,0x00000000f8700000,0x00000000f8700000)
  from space 8192K, 93% used [0x00000000f8700000,0x00000000f8e81690,0x00000000f8f00000)
  to   space 62464K, 0% used [0x00000000fc300000,0x00000000fc300000,0x0000000100000000)
 ParOldGen       total 161792K, used 93406K [0x00000000a0000000, 0x00000000a9e00000, 0x00000000e0000000)
  object space 161792K, 57% used [0x00000000a0000000,0x00000000a5b37940,0x00000000a9e00000)
 Metaspace       used 75276K, capacity 82504K, committed 82712K, reserved 1122304K
  class space    used 9358K, capacity 10161K, committed 10288K, reserved 1048576K
Event: 11521,138 GC heap after
Heap after GC invocations=39 (full 3):
 PSYoungGen      total 462336K, used 6223K [0x00000000e0000000, 0x0000000100000000, 0x0000000100000000)
  eden space 399872K, 0% used [0x00000000e0000000,0x00000000e0000000,0x00000000f8680000)
  from space 62464K, 9% used [0x00000000fc300000,0x00000000fc913f80,0x0000000100000000)
  to   space 61952K, 0% used [0x00000000f8680000,0x00000000f8680000,0x00000000fc300000)
 ParOldGen       total 161792K, used 94150K [0x00000000a0000000, 0x00000000a9e00000, 0x00000000e0000000)
  object space 161792K, 58% used [0x00000000a0000000,0x00000000a5bf1960,0x00000000a9e00000)
 Metaspace       used 75276K, capacity 82504K, committed 82712K, reserved 1122304K
  class space    used 9358K, capacity 10161K, committed 10288K, reserved 1048576K
}
Event: 11667,422 GC heap before
{Heap before GC invocations=40 (full 3):
 PSYoungGen      total 462336K, used 406095K [0x00000000e0000000, 0x0000000100000000, 0x0000000100000000)
  eden space 399872K, 100% used [0x00000000e0000000,0x00000000f8680000,0x00000000f8680000)
  from space 62464K, 9% used [0x00000000fc300000,0x00000000fc913f80,0x0000000100000000)
  to   space 61952K, 0% used [0x00000000f8680000,0x00000000f8680000,0x00000000fc300000)
 ParOldGen       total 161792K, used 94150K [0x00000000a0000000, 0x00000000a9e00000, 0x00000000e0000000)
  object space 161792K, 58% used [0x00000000a0000000,0x00000000a5bf1960,0x00000000a9e00000)
 Metaspace       used 75474K, capacity 82904K, committed 83224K, reserved 1122304K
  class space    used 9383K, capacity 10185K, committed 10288K, reserved 1048576K
Event: 11667,434 GC heap after
Heap after GC invocations=40 (full 3):
 PSYoungGen      total 408576K, used 8356K [0x00000000e0000000, 0x00000000ffd80000, 0x0000000100000000)
  eden space 399872K, 0% used [0x00000000e0000000,0x00000000e0000000,0x00000000f8680000)
  from space 8704K, 96% used [0x00000000f8680000,0x00000000f8ea93a8,0x00000000f8f00000)
  to   space 60928K, 0% used [0x00000000fc200000,0x00000000fc200000,0x00000000ffd80000)
 ParOldGen       total 161792K, used 94270K [0x00000000a0000000, 0x00000000a9e00000, 0x00000000e0000000)
  object space 161792K, 58% used [0x00000000a0000000,0x00000000a5c0f960,0x00000000a9e00000)
 Metaspace       used 75474K, capacity 82904K, committed 83224K, reserved 1122304K
  class space    used 9383K, capacity 10185K, committed 10288K, reserved 1048576K
}
Event: 13641,599 GC heap before
{Heap before GC invocations=41 (full 3):
 PSYoungGen      total 408576K, used 408228K [0x00000000e0000000, 0x00000000ffd80000, 0x0000000100000000)
  eden space 399872K, 100% used [0x00000000e0000000,0x00000000f8680000,0x00000000f8680000)
  from space 8704K, 96% used [0x00000000f8680000,0x00000000f8ea93a8,0x00000000f8f00000)
  to   space 60928K, 0% used [0x00000000fc200000,0x00000000fc200000,0x00000000ffd80000)
 ParOldGen       total 161792K, used 94270K [0x00000000a0000000, 0x00000000a9e00000, 0x00000000e0000000)
  object space 161792K, 58% used [0x00000000a0000000,0x00000000a5c0f960,0x00000000a9e00000)
 Metaspace       used 75705K, capacity 83320K, committed 83480K, reserved 1122304K
  class space    used 9414K, capacity 10217K, committed 10288K, reserved 1048576K
Event: 13641,623 GC heap after
Heap after GC invocations=41 (full 3):
 PSYoungGen      total 461824K, used 8800K [0x00000000e0000000, 0x0000000100000000, 0x0000000100000000)
  eden space 400896K, 0% used [0x00000000e0000000,0x00000000e0000000,0x00000000f8780000)
  from space 60928K, 14% used [0x00000000fc200000,0x00000000fca98020,0x00000000ffd80000)
  to   space 59904K, 0% used [0x00000000f8780000,0x00000000f8780000,0x00000000fc200000)
 ParOldGen       total 161792K, used 94542K [0x00000000a0000000, 0x00000000a9e00000, 0x00000000e0000000)
  object space 161792K, 58% used [0x00000000a0000000,0x00000000a5c53960,0x00000000a9e00000)
 Metaspace       used 75705K, capacity 83320K, committed 83480K, reserved 1122304K
  class space    used 9414K, capacity 10217K, committed 10288K, reserved 1048576K
}
Event: 13882,184 GC heap before
{Heap before GC invocations=42 (full 3):
 PSYoungGen      total 461824K, used 409696K [0x00000000e0000000, 0x0000000100000000, 0x0000000100000000)
  eden space 400896K, 100% used [0x00000000e0000000,0x00000000f8780000,0x00000000f8780000)
  from space 60928K, 14% used [0x00000000fc200000,0x00000000fca98020,0x00000000ffd80000)
  to   space 59904K, 0% used [0x00000000f8780000,0x00000000f8780000,0x00000000fc200000)
 ParOldGen       total 161792K, used 94542K [0x00000000a0000000, 0x00000000a9e00000, 0x00000000e0000000)
  object space 161792K, 58% used [0x00000000a0000000,0x00000000a5c53960,0x00000000a9e00000)
 Metaspace       used 75839K, capacity 83524K, committed 83736K, reserved 1122304K
  class space    used 9432K, capacity 10237K, committed 10288K, reserved 1048576K
Event: 13882,193 GC heap after
Heap after GC invocations=42 (full 3):
 PSYoungGen      total 460800K, used 4986K [0x00000000e0000000, 0x00000000ffd00000, 0x0000000100000000)
  eden space 400896K, 0% used [0x00000000e0000000,0x00000000e0000000,0x00000000f8780000)
  from space 59904K, 8% used [0x00000000f8780000,0x00000000f8c5eaa8,0x00000000fc200000)
  to   space 58880K, 0% used [0x00000000fc380000,0x00000000fc380000,0x00000000ffd00000)
 ParOldGen       total 161792K, used 94854K [0x00000000a0000000, 0x00000000a9e00000, 0x00000000e0000000)
  object space 161792K, 58% used [0x00000000a0000000,0x00000000a5ca1960,0x00000000a9e00000)
 Metaspace       used 75839K, capacity 83524K, committed 83736K, reserved 1122304K
  class space    used 9432K, capacity 10237K, committed 10288K, reserved 1048576K
}
Event: 18690,313 GC heap before
{Heap before GC invocations=43 (full 3):
 PSYoungGen      total 460800K, used 405882K [0x00000000e0000000, 0x00000000ffd00000, 0x0000000100000000)
  eden space 400896K, 100% used [0x00000000e0000000,0x00000000f8780000,0x00000000f8780000)
  from space 59904K, 8% used [0x00000000f8780000,0x00000000f8c5eaa8,0x00000000fc200000)
  to   space 58880K, 0% used [0x00000000fc380000,0x00000000fc380000,0x00000000ffd00000)
 ParOldGen       total 161792K, used 94854K [0x00000000a0000000, 0x00000000a9e00000, 0x00000000e0000000)
  object space 161792K, 58% used [0x00000000a0000000,0x00000000a5ca1960,0x00000000a9e00000)
 Metaspace       used 76175K, capacity 84184K, committed 84376K, reserved 1124352K
  class space    used 9480K, capacity 10325K, committed 10416K, reserved 1048576K
Event: 18690,353 GC heap after
Heap after GC invocations=43 (full 3):
 PSYoungGen      total 462848K, used 4848K [0x00000000e0000000, 0x00000000ffc00000, 0x0000000100000000)
  eden space 404992K, 0% used [0x00000000e0000000,0x00000000e0000000,0x00000000f8b80000)
  from space 57856K, 8% used [0x00000000fc380000,0x00000000fc83c010,0x00000000ffc00000)
  to   space 57344K, 0% used [0x00000000f8b80000,0x00000000f8b80000,0x00000000fc380000)
 ParOldGen       total 161792K, used 94910K [0x00000000a0000000, 0x00000000a9e00000, 0x00000000e0000000)
  object space 161792K, 58% used [0x00000000a0000000,0x00000000a5caf960,0x00000000a9e00000)
 Metaspace       used 76175K, capacity 84184K, committed 84376K, reserved 1124352K
  class space    used 9480K, capacity 10325K, committed 10416K, reserved 1048576K
}

